Logging a test message from /log
Logging a test message from /log
Logging a test message from /log
[2016-11-19 17:44:04,184] {app.py:21} ERROR - Logging a test message from /log
[2016-11-19 17:51:28,908] {app.py:144} INFO - User Fraser entered incorrect password
[2016-11-19 17:55:19,749] {app.py:144} INFO - User 'Fraser' entered an incorrect password. Route: '/login'
[2016-11-19 20:09:07,829] {app.py:150} INFO - User attemped to access log in page while already logged in.
[2016-11-19 20:10:44,035] {app.py:150} INFO - User 'Fraser' attemped to access log in page while already logged in.
[2016-11-19 20:15:50,103] {app.py:113} INFO - User attempted to directly access '/register/new' without using the registration form.
[2016-11-19 23:20:19,336] {app.py:237} INFO - User did not enter a subreddit. Route: '/r/'.
[2016-11-19 23:20:29,399] {app.py:237} INFO - User did not enter a subreddit. Route: '/r/'.
[2016-11-23 18:03:01,026] {app.py:246} INFO - User did not enter a subreddit. Route: '/r/'.
[2016-11-23 21:13:07,705] {app.py:172} INFO - User 'fraser' attemped to access log in page while already logged in.
[2016-11-23 21:22:27,020] {app.py:246} INFO - User did not enter a subreddit. Route: '/r/'.
[2016-11-23 21:29:30,033] {app.py:162} INFO - Incorrect password entered by user 'fraser'. Route: '/login'
[2016-11-23 22:06:03,310] {app.py:178} INFO - User 'fraser' attemped to access log in page while already logged in.
[2016-11-23 22:30:44,894] {app.py:252} INFO - User did not enter a subreddit. Route: '/r/'.
[2016-11-23 23:00:20,320] {app.py:253} INFO - User did not enter a subreddit. Route: '/r/'.
[2016-11-23 23:01:11,673] {app.py:253} INFO - User did not enter a subreddit. Route: '/r/'.
[2016-11-23 23:06:51,608] {app.py:253} INFO - User did not enter a subreddit. Route: '/r/'.
[2016-11-23 23:37:39,626] {app.py:269} INFO - User did not enter a subreddit. Route: '/r/'.
[2016-11-23 23:38:32,688] {app.py:269} INFO - User did not enter a subreddit. Route: '/r/'.
[2016-11-24 00:17:40,276] {app.py:269} INFO - User did not enter a subreddit. Route: '/r/'.
[2016-11-24 00:36:43,896] {app.py:269} INFO - User did not enter a subreddit. Route: '/r/'.
[2016-11-24 14:49:11,033] {app.py:166} INFO - Incorrect password entered by user 'fraser'. Route: '/login'
[2016-11-24 15:30:43,073] {app.py:166} INFO - Incorrect password entered by user 'fraser'. Route: '/login'
[2016-11-24 15:41:19,810] {app.py:166} INFO - Incorrect password entered by user 'fraser'. Route: '/login'
[2016-11-25 16:09:16,479] {app.py:179} INFO - User 'fraser' attemped to access log in page while already logged in.
[2016-11-25 17:48:47,565] {app.py:166} INFO - Incorrect password entered by user 'fraser'. Route: '/login'
[2016-11-25 23:32:29,290] {app.py:166} INFO - Incorrect password entered by user 'fraser'. Route: '/login'
[2016-11-29 20:54:11,097] {app.py:166} INFO - Incorrect password entered by user 'fraser'. Route: '/login'
[2016-11-30 22:44:47,440] {app.py:166} INFO - Incorrect password entered by user 'fraser'. Route: '/login'
